{"D:\\NewDeskTop\\hardy-n\\hardy-naive\\src\\point8\\code\\get-type.ts": {"path":"D:\\NewDeskTop\\hardy-n\\hardy-naive\\src\\point8\\code\\get-type.ts","all":false,"statementMap":{"0":{"start":{"line":1,"column":0},"end":{"line":1,"column":2}},"1":{"start":{"line":2,"column":0},"end":{"line":2,"column":16}},"2":{"start":{"line":3,"column":0},"end":{"line":3,"column":30}},"3":{"start":{"line":4,"column":0},"end":{"line":4,"column":25}},"4":{"start":{"line":5,"column":0},"end":{"line":5,"column":43}},"5":{"start":{"line":6,"column":0},"end":{"line":6,"column":3}},"6":{"start":{"line":7,"column":0},"end":{"line":7,"column":23}},"7":{"start":{"line":8,"column":0},"end":{"line":8,"column":49}},"8":{"start":{"line":9,"column":0},"end":{"line":9,"column":3}},"9":{"start":{"line":10,"column":0},"end":{"line":10,"column":0}},"10":{"start":{"line":11,"column":0},"end":{"line":11,"column":46}},"11":{"start":{"line":12,"column":0},"end":{"line":12,"column":59}},"12":{"start":{"line":13,"column":0},"end":{"line":13,"column":44}},"13":{"start":{"line":14,"column":0},"end":{"line":14,"column":59}},"14":{"start":{"line":15,"column":0},"end":{"line":15,"column":1}}},"s":{"0":1,"1":1,"2":1,"3":1,"4":1,"5":1,"6":1,"7":1,"8":1,"9":1,"10":1,"11":23,"12":23,"13":23,"14":23},"branchMap":{"0":{"type":"branch","line":11,"loc":{"start":{"line":11,"column":23},"end":{"line":15,"column":1}},"locations":[{"start":{"line":11,"column":23},"end":{"line":15,"column":1}}]}},"b":{"0":[23]},"fnMap":{"0":{"name":"getType","decl":{"start":{"line":11,"column":23},"end":{"line":15,"column":1}},"loc":{"start":{"line":11,"column":23},"end":{"line":15,"column":1}},"line":11}},"f":{"0":23}}
}
