TN:
SF:src\point8\code\eventBus.ts
FN:11,EventBus
FN:14,on
FN:22,once
FN:26,emit
FN:37,off
FNF:5
FNH:4
FNDA:1,EventBus
FNDA:3,on
FNDA:1,once
FNDA:3,emit
FNDA:0,off
DA:1,1
DA:2,1
DA:3,1
DA:4,1
DA:5,1
DA:6,1
DA:7,1
DA:8,1
DA:9,1
DA:10,1
DA:11,1
DA:12,1
DA:13,1
DA:14,1
DA:15,3
DA:16,3
DA:17,3
DA:18,3
DA:19,3
DA:20,3
DA:21,1
DA:22,1
DA:23,1
DA:24,1
DA:25,1
DA:26,1
DA:27,3
DA:28,3
DA:29,3
DA:30,3
DA:31,3
DA:32,3
DA:33,3
DA:34,3
DA:35,3
DA:36,1
DA:37,1
DA:38,0
DA:39,0
DA:40,0
DA:41,0
DA:42,0
DA:43,0
DA:44,0
DA:45,0
DA:46,0
DA:47,1
LF:47
LH:38
BRDA:11,0,0,1
BRDA:14,1,0,3
BRDA:22,2,0,1
BRDA:26,3,0,3
BRDA:28,4,0,0
BRDA:30,5,0,3
BRDA:33,6,0,2
BRDA:33,7,0,1
BRF:8
BRH:7
end_of_record
